c:\users\a\desktop\rfid\stu_system\debug\stu_system.bsc
c:\users\a\desktop\rfid\stu_system\debug\stu_system.pch
c:\users\a\desktop\rfid\stu_system\debug\vc120.pdb
c:\users\a\desktop\rfid\stu_system\debug\vc120.idb
c:\users\a\desktop\rfid\stu_system\debug\stdafx.sbr
c:\users\a\desktop\rfid\stu_system\debug\stdafx.obj
c:\users\a\desktop\rfid\stu_system\debug\stu_systemdlg.sbr
c:\users\a\desktop\rfid\stu_system\debug\stu_system.sbr
c:\users\a\desktop\rfid\stu_system\debug\mscomm1.sbr
c:\users\a\desktop\rfid\stu_system\debug\maininterface.sbr
c:\users\a\desktop\rfid\stu_system\debug\gm.sbr
c:\users\a\desktop\rfid\stu_system\debug\mscomm1.obj
c:\users\a\desktop\rfid\stu_system\debug\stu_system.obj
c:\users\a\desktop\rfid\stu_system\debug\gm.obj
c:\users\a\desktop\rfid\stu_system\debug\maininterface.obj
c:\users\a\desktop\rfid\stu_system\debug\stu_systemdlg.obj
c:\users\a\desktop\rfid\stu_system\debug\bzc.sbr
c:\users\a\desktop\rfid\stu_system\debug\bzc.obj
c:\users\a\desktop\rfid\stu_system\debug\md5.sbr
c:\users\a\desktop\rfid\stu_system\debug\md5.obj
c:\users\a\desktop\rfid\stu_system\debug\stu_system.ilk
c:\users\a\desktop\rfid\stu_system\debug\stu_system.exe
c:\users\a\desktop\rfid\stu_system\debug\stu_system.pdb
c:\users\a\desktop\rfid\stu_system\debug\stu_system.res
c:\users\a\desktop\rfid\stu_system\.\debug\stu_system.exe
c:\users\a\desktop\rfid\stu_system\debug\stu_system.tlog\bscmake.command.1.tlog
c:\users\a\desktop\rfid\stu_system\debug\stu_system.tlog\bscmake.read.1.tlog
c:\users\a\desktop\rfid\stu_system\debug\stu_system.tlog\bscmake.write.1.tlog
c:\users\a\desktop\rfid\stu_system\debug\stu_system.tlog\cl.command.1.tlog
c:\users\a\desktop\rfid\stu_system\debug\stu_system.tlog\cl.read.1.tlog
c:\users\a\desktop\rfid\stu_system\debug\stu_system.tlog\cl.write.1.tlog
c:\users\a\desktop\rfid\stu_system\debug\stu_system.tlog\link.command.1.tlog
c:\users\a\desktop\rfid\stu_system\debug\stu_system.tlog\link.read.1.tlog
c:\users\a\desktop\rfid\stu_system\debug\stu_system.tlog\link.write.1.tlog
c:\users\a\desktop\rfid\stu_system\debug\stu_system.tlog\rc.command.1.tlog
c:\users\a\desktop\rfid\stu_system\debug\stu_system.tlog\rc.read.1.tlog
c:\users\a\desktop\rfid\stu_system\debug\stu_system.tlog\rc.write.1.tlog
