生成启动时间为 2015-12-11 16:57:58。
     1>项目“C:\Users\a\Desktop\我的文档\FILE\课件\RFID\stu_system\stu_system.vcxproj”在节点 2 上(Build 个目标)。
     1>ClCompile:
         C:\Program Files (x86)\Microsoft Visual Studio 12.0\VC\bin\CL.exe /c /ZI /nologo /W3 /WX- /Od /Oy- /D WIN32 /D _DEBUG /D _WINDOWS /D _VC80_UPGRADE=0x0600 /D _MBCS /D _AFXDLL /Gm /EHsc /RTC1 /MDd /GS /Gy- /fp:precise /Zc:wchar_t /Zc:forScope /Yc"stdafx.h" /Fp".\Debug\stu_system.pch" /Fo".\Debug\\" /Fd".\Debug\vc120.pdb" /FR".\Debug\\" /Gd /TP /analyze- /errorReport:prompt StdAfx.cpp
         StdAfx.cpp
     1>c:\program files (x86)\microsoft visual studio 12.0\vc\atlmfc\include\afx.h(38): warning C4996: 'MBCS_Support_Deprecated_In_MFC': MBCS support in MFC is deprecated and may be removed in a future version of MFC.
                 c:\program files (x86)\microsoft visual studio 12.0\vc\atlmfc\include\afx.h(33) : 参见“MBCS_Support_Deprecated_In_MFC”的声明
         _WIN32_WINNT not defined. Defaulting to _WIN32_WINNT_MAXVER (see WinSDKVer.h)
         C:\Program Files (x86)\Microsoft Visual Studio 12.0\VC\bin\CL.exe /c /ZI /nologo /W3 /WX- /Od /Oy- /D WIN32 /D _DEBUG /D _WINDOWS /D _VC80_UPGRADE=0x0600 /D _MBCS /D _AFXDLL /Gm /EHsc /RTC1 /MDd /GS /Gy- /fp:precise /Zc:wchar_t /Zc:forScope /Yu"stdafx.h" /Fp".\Debug\stu_system.pch" /Fo".\Debug\\" /Fd".\Debug\vc120.pdb" /FR".\Debug\\" /Gd /TP /analyze- /errorReport:prompt BZC.cpp GM.cpp MainInterface.cpp MD5.cpp mscomm1.cpp stu_system.cpp stu_systemDlg.cpp
         stu_systemDlg.cpp
     1>c:\users\a\desktop\我的文档\file\课件\rfid\stu_system\mysql.h(71): fatal error C1083: 无法打开包括文件: “mysql_version.h”: No such file or directory
         stu_system.cpp
     1>c:\users\a\desktop\我的文档\file\课件\rfid\stu_system\stu_system.cpp(58): warning C4996: 'CWinApp::Enable3dControls': CWinApp::Enable3dControls is no longer needed. You should remove this call.
                 c:\program files (x86)\microsoft visual studio 12.0\vc\atlmfc\include\afxwin.h(5178) : 参见“CWinApp::Enable3dControls”的声明
         mscomm1.cpp
         MD5.cpp
     1>c:\users\a\desktop\我的文档\file\课件\rfid\stu_system\md5.cpp(139): warning C4244: “参数”: 从“std::streamsize”转换到“size_t”，可能丢失数据
         MainInterface.cpp
     1>c:\users\a\desktop\我的文档\file\课件\rfid\stu_system\mysql.h(71): fatal error C1083: 无法打开包括文件: “mysql_version.h”: No such file or directory
         GM.cpp
     1>c:\users\a\desktop\我的文档\file\课件\rfid\stu_system\mysql.h(71): fatal error C1083: 无法打开包括文件: “mysql_version.h”: No such file or directory
         BZC.cpp
     1>c:\users\a\desktop\我的文档\file\课件\rfid\stu_system\mysql.h(71): fatal error C1083: 无法打开包括文件: “mysql_version.h”: No such file or directory
         正在生成代码...
     1>已完成生成项目“C:\Users\a\Desktop\我的文档\FILE\课件\RFID\stu_system\stu_system.vcxproj”(Build 个目标)的操作 - 失败。

生成失败。

已用时间 00:00:44.82
